<?xml version="1.0" encoding="UTF-8"?>
<testsuite name="ListFiltererTest" tests="1" skipped="0" failures="0" errors="0" timestamp="2021-12-01T15:23:47" hostname="DESKTOP-L6V6LBB" time="0.21">
  <properties/>
  <testcase name="filter groovy" classname="ListFiltererTest" time="0.21"/>
  <system-out><![CDATA[]]></system-out>
  <system-err><![CDATA[]]></system-err>
</testsuite>
