<?xml version="1.0" encoding="UTF-8"?>
<testsuite name="ListDeduplicatorTest" tests="1" skipped="0" failures="0" errors="0" timestamp="2021-12-01T15:16:01" hostname="DESKTOP-L6V6LBB" time="0.197">
  <properties/>
  <testcase name="deduplicate groovy" classname="ListDeduplicatorTest" time="0.197"/>
  <system-out><![CDATA[]]></system-out>
  <system-err><![CDATA[]]></system-err>
</testsuite>
