<?xml version="1.0" encoding="UTF-8"?>
<testsuite name="ListAggregatorTest" tests="1" skipped="0" failures="0" errors="0" timestamp="2021-11-26T17:50:03" hostname="lucas-zenbook-ux425ja" time="0.21">
  <properties/>
  <testcase name="distinct groovy" classname="ListAggregatorTest" time="0.21"/>
  <system-out><![CDATA[]]></system-out>
  <system-err><![CDATA[]]></system-err>
</testsuite>
