<?xml version="1.0" encoding="UTF-8"?>
<testsuite name="FirstSpecification" tests="1" skipped="0" failures="1" errors="0" timestamp="2021-11-26T17:06:23" hostname="lucas-zenbook-ux425ja" time="0.013">
  <properties/>
  <testcase name="Should verify notify was called" classname="FirstSpecification" time="0.013">
    <failure message="groovy.lang.MissingPropertyException: No such property: Notifier for class: FirstSpecification" type="groovy.lang.MissingPropertyException">groovy.lang.MissingPropertyException: No such property: Notifier for class: FirstSpecification
	at FirstSpecification.Should verify notify was called(FirstSpecification.groovy:83)
</failure>
  </testcase>
  <system-out><![CDATA[]]></system-out>
  <system-err><![CDATA[]]></system-err>
</testsuite>
