<?xml version="1.0" encoding="UTF-8"?>
<testsuite name="com.aor.numbers.ListSorterTest" tests="2" skipped="0" failures="0" errors="0" timestamp="2021-11-22T15:26:53" hostname="lucas-zenbook-ux425ja" time="0.003">
  <properties/>
  <testcase name="sort()" classname="com.aor.numbers.ListSorterTest" time="0.001"/>
  <testcase name="bug_sort_8276()" classname="com.aor.numbers.ListSorterTest" time="0.001"/>
  <system-out><![CDATA[]]></system-out>
  <system-err><![CDATA[]]></system-err>
</testsuite>
