<?xml version="1.0" encoding="UTF-8"?>
<testsuite name="DivideByTest" tests="1" skipped="0" failures="0" errors="0" timestamp="2021-11-26T17:22:30" hostname="lucas-zenbook-ux425ja" time="0.189">
  <properties/>
  <testcase name="Divide by" classname="DivideByTest" time="0.189"/>
  <system-out><![CDATA[]]></system-out>
  <system-err><![CDATA[]]></system-err>
</testsuite>
